<html>
<head>
<title>TestNG:  Default test</title>
<link href="../testng.css" rel="stylesheet" type="text/css" />
<link href="../my-testng.css" rel="stylesheet" type="text/css" />

<style type="text/css">
.log { display: none;} 
.stack-trace { display: none;} 
</style>
<script type="text/javascript">
<!--
function flip(e) {
  current = e.style.display;
  if (current == 'block') {
    e.style.display = 'none';
    return 0;
  }
  else {
    e.style.display = 'block';
    return 1;
  }
}

function toggleBox(szDivId, elem, msg1, msg2)
{
  var res = -1;  if (document.getElementById) {
    res = flip(document.getElementById(szDivId));
  }
  else if (document.all) {
    // this is the way old msie versions work
    res = flip(document.all[szDivId]);
  }
  if(elem) {
    if(res == 0) elem.innerHTML = msg1; else elem.innerHTML = msg2;
  }

}

function toggleAllBoxes() {
  if (document.getElementsByTagName) {
    d = document.getElementsByTagName('div');
    for (i = 0; i < d.length; i++) {
      if (d[i].className == 'log') {
        flip(d[i]);
      }
    }
  }
}

// -->
</script>

</head>
<body>
<h2 align='center'>Default test</h2><table border='1' align="center">
<tr>
<td>Tests passed/Failed/Skipped:</td><td>49/1/0</td>
</tr><tr>
<td>Started on:</td><td>Mon Jul 10 15:47:11 IST 2017</td>
</tr>
<tr><td>Total time:</td><td>96 seconds (96644 ms)</td>
</tr><tr>
<td>Included groups:</td><td></td>
</tr><tr>
<td>Excluded groups:</td><td></td>
</tr>
</table><p/>
<small><i>(Hover the method name to see the test class name)</i></small><p/>
<table width='100%' border='1' class='invocation-failed'>
<tr><td colspan='4' align='center'><b>FAILED TESTS</b></td></tr>
<tr><td><b>Test method</b></td>
<td width="30%"><b>Exception</b></td>
<td width="10%"><b>Time (seconds)</b></td>
<td><b>Instance</b></td>
</tr>
<tr>
<td title='com.znodellc.admin9xqa.Znode9X.executor.Execute.getSteps()'><b>getSteps</b><br>Test class: com.znodellc.admin9xqa.Znode9X.executor.Execute<br>Parameters: Attribute Test8, 45.0, Check for Validation, Assertion, Znode9X.attributeFamiliesAddNew.closeEditDisplayOrder, NA, NA, NA, , </td>
<td><div><pre>org.openqa.selenium.InvalidSelectorException: invalid selector: Unable to locate an element with the xpath expression //*[contains(text(),&apos;Edit Attribute Family&apos;] because of the following error:
SyntaxError: Failed to execute &apos;evaluate&apos; on &apos;Document&apos;: The string &apos;//*[contains(text(),&apos;Edit Attribute Family&apos;]&apos; is not a valid XPath expression.
  (Session info: chrome=56.0.2924.87)
  (Driver info: chromedriver=2.28.455520 (cc17746adff54984afff480136733114c6b3704b),platform=Windows NT 10.0.14393 x86_64) (WARNING: The server did not provide any stacktrace information)
Command duration or timeout: 28 milliseconds
For documentation on this error, please visit: http://seleniumhq.org/exceptions/invalid_selector_exception.html
Build info: version: &apos;3.3.1&apos;, revision: &apos;5234b325d5&apos;, time: &apos;2017-03-10 09:10:29 +0000&apos;
System info: host: &apos;MSD001&apos;, ip: &apos;172.17.2.178&apos;, os.name: &apos;Windows 10&apos;, os.arch: &apos;amd64&apos;, os.version: &apos;10.0&apos;, java.version: &apos;1.8.0_121&apos;
Driver info: org.openqa.selenium.chrome.ChromeDriver
Capabilities [{applicationCacheEnabled=false, rotatable=false, mobileEmulationEnabled=false, networkConnectionEnabled=false, chrome={chromedriverVersion=2.28.455520 (cc17746adff54984afff480136733114c6b3704b), userDataDir=C:\Users\SANA~1.AFR\AppData\Local\Temp\scoped_dir7140_6365}, takesHeapSnapshot=true, pageLoadStrategy=normal, databaseEnabled=false, handlesAlerts=true, hasTouchScreen=false, version=56.0.2924.87, platform=XP, browserConnectionEnabled=false, nativeEvents=true, acceptSslCerts=true, locationContextEnabled=true, webStorageEnabled=true, browserName=chrome, takesScreenshot=true, javascriptEnabled=true, cssSelectorsEnabled=true, unexpectedAlertBehaviour=}]
Session ID: 431c1f919f498a01414faf5615eb98c8
*** Element info: {Using=xpath, value=//*[contains(text(),&apos;Edit Attribute Family&apos;]}
	at sun.reflect.NativeConstructorAccessorImpl.newInstance0(Native Method)
	at sun.reflect.NativeConstructorAccessorImpl.newInstance(NativeConstructorAccessorImpl.java:62)
	at sun.reflect.DelegatingConstructorAccessorImpl.newInstance(DelegatingConstructorAccessorImpl.java:45)
	at java.lang.reflect.Constructor.newInstance(Constructor.java:423)
	at org.openqa.selenium.remote.ErrorHandler.createThrowable(ErrorHandler.java:216)
	at org.openqa.selenium.remote.ErrorHandler.throwIfResponseFailed(ErrorHandler.java:168)
	at org.openqa.selenium.remote.RemoteWebDriver.execute(RemoteWebDriver.java:638)
	at org.openqa.selenium.remote.RemoteWebDriver.findElement(RemoteWebDriver.java:371)
	at org.openqa.selenium.remote.RemoteWebDriver.findElementByXPath(RemoteWebDriver.java:476)
	at org.openqa.selenium.By$ByXPath.findElement(By.java:361)
	at org.openqa.selenium.remote.RemoteWebDriver.findElement(RemoteWebDriver.java:363)
	at com.znodellc.admin9xqa.Znode9X.baseScript.PropertiesFile.getLocator(PropertiesFile.java:80)
	at com.znodellc.admin9xqa.Znode9X.keywords.Assertion.validateSuccesMsg(Assertion.java:19)
	at com.znodellc.admin9xqa.Znode9X.executor.ExecuteKeywords.ExecuteTheKeywords(ExecuteKeywords.java:47)
	at com.znodellc.admin9xqa.Znode9X.executor.Execute.getSteps(Execute.java:20)
	at sun.reflect.GeneratedMethodAccessor2.invoke(Unknown Source)
	at sun.reflect.DelegatingMethodAccessorImpl.invoke(DelegatingMethodAccessorImpl.java:43)
	at java.lang.reflect.Method.invoke(Method.java:498)
	at org.testng.internal.MethodInvocationHelper.invokeMethod(MethodInvocationHelper.java:104)
	at org.testng.internal.Invoker.invokeMethod(Invoker.java:645)
	at org.testng.internal.Invoker.invokeTestMethod(Invoker.java:851)
	at org.testng.internal.Invoker.invokeTestMethods(Invoker.java:1177)
	at org.testng.internal.TestMethodWorker.invokeTestMethods(TestMethodWorker.java:129)
	at org.testng.internal.TestMethodWorker.run(TestMethodWorker.java:112)
	at org.testng.TestRunner.privateRun(TestRunner.java:756)
	at org.testng.TestRunner.run(TestRunner.java:610)
	at org.testng.SuiteRunner.runTest(SuiteRunner.java:387)
	at org.testng.SuiteRunner.runSequentially(SuiteRunner.java:382)
	at org.testng.SuiteRunner.privateRun(SuiteRunner.java:340)
	at org.testng.SuiteRunner.run(SuiteRunner.java:289)
	at org.testng.SuiteRunnerWorker.runSuite(SuiteRunnerWorker.java:52)
	at org.testng.SuiteRunnerWorker.run(SuiteRunnerWorker.java:86)
	at org.testng.TestNG.runSuitesSequentially(TestNG.java:1293)
	at org.testng.TestNG.runSuitesLocally(TestNG.java:1218)
	at org.testng.TestNG.runSuites(TestNG.java:1133)
	at org.testng.TestNG.run(TestNG.java:1104)
	at org.testng.remote.AbstractRemoteTestNG.run(AbstractRemoteTestNG.java:132)
	at org.testng.remote.RemoteTestNG.initAndRun(RemoteTestNG.java:236)
	at org.testng.remote.RemoteTestNG.main(RemoteTestNG.java:81)
</pre></div><a href='#' onClick='toggleBox("stack-trace1061448687", this, "Click to show all stack frames", "Click to hide stack frames")'>Click to show all stack frames</a>
<div class='stack-trace' id='stack-trace1061448687'><pre>org.openqa.selenium.InvalidSelectorException: invalid selector: Unable to locate an element with the xpath expression //*[contains(text(),&apos;Edit Attribute Family&apos;] because of the following error:
SyntaxError: Failed to execute &apos;evaluate&apos; on &apos;Document&apos;: The string &apos;//*[contains(text(),&apos;Edit Attribute Family&apos;]&apos; is not a valid XPath expression.
  (Session info: chrome=56.0.2924.87)
  (Driver info: chromedriver=2.28.455520 (cc17746adff54984afff480136733114c6b3704b),platform=Windows NT 10.0.14393 x86_64) (WARNING: The server did not provide any stacktrace information)
Command duration or timeout: 28 milliseconds
For documentation on this error, please visit: http://seleniumhq.org/exceptions/invalid_selector_exception.html
Build info: version: &apos;3.3.1&apos;, revision: &apos;5234b325d5&apos;, time: &apos;2017-03-10 09:10:29 +0000&apos;
System info: host: &apos;MSD001&apos;, ip: &apos;172.17.2.178&apos;, os.name: &apos;Windows 10&apos;, os.arch: &apos;amd64&apos;, os.version: &apos;10.0&apos;, java.version: &apos;1.8.0_121&apos;
Driver info: org.openqa.selenium.chrome.ChromeDriver
Capabilities [{applicationCacheEnabled=false, rotatable=false, mobileEmulationEnabled=false, networkConnectionEnabled=false, chrome={chromedriverVersion=2.28.455520 (cc17746adff54984afff480136733114c6b3704b), userDataDir=C:\Users\SANA~1.AFR\AppData\Local\Temp\scoped_dir7140_6365}, takesHeapSnapshot=true, pageLoadStrategy=normal, databaseEnabled=false, handlesAlerts=true, hasTouchScreen=false, version=56.0.2924.87, platform=XP, browserConnectionEnabled=false, nativeEvents=true, acceptSslCerts=true, locationContextEnabled=true, webStorageEnabled=true, browserName=chrome, takesScreenshot=true, javascriptEnabled=true, cssSelectorsEnabled=true, unexpectedAlertBehaviour=}]
Session ID: 431c1f919f498a01414faf5615eb98c8
*** Element info: {Using=xpath, value=//*[contains(text(),&apos;Edit Attribute Family&apos;]}
	at sun.reflect.NativeConstructorAccessorImpl.newInstance0(Native Method)
	at sun.reflect.NativeConstructorAccessorImpl.newInstance(NativeConstructorAccessorImpl.java:62)
	at sun.reflect.DelegatingConstructorAccessorImpl.newInstance(DelegatingConstructorAccessorImpl.java:45)
	at java.lang.reflect.Constructor.newInstance(Constructor.java:423)
	at org.openqa.selenium.remote.ErrorHandler.createThrowable(ErrorHandler.java:216)
	at org.openqa.selenium.remote.ErrorHandler.throwIfResponseFailed(ErrorHandler.java:168)
	at org.openqa.selenium.remote.RemoteWebDriver.execute(RemoteWebDriver.java:638)
	at org.openqa.selenium.remote.RemoteWebDriver.findElement(RemoteWebDriver.java:371)
	at org.openqa.selenium.remote.RemoteWebDriver.findElementByXPath(RemoteWebDriver.java:476)
	at org.openqa.selenium.By$ByXPath.findElement(By.java:361)
	at org.openqa.selenium.remote.RemoteWebDriver.findElement(RemoteWebDriver.java:363)
	at com.znodellc.admin9xqa.Znode9X.baseScript.PropertiesFile.getLocator(PropertiesFile.java:80)
	at com.znodellc.admin9xqa.Znode9X.keywords.Assertion.validateSuccesMsg(Assertion.java:19)
	at com.znodellc.admin9xqa.Znode9X.executor.ExecuteKeywords.ExecuteTheKeywords(ExecuteKeywords.java:47)
	at com.znodellc.admin9xqa.Znode9X.executor.Execute.getSteps(Execute.java:20)
	at sun.reflect.GeneratedMethodAccessor2.invoke(Unknown Source)
	at sun.reflect.DelegatingMethodAccessorImpl.invoke(DelegatingMethodAccessorImpl.java:43)
	at java.lang.reflect.Method.invoke(Method.java:498)
	at org.testng.internal.MethodInvocationHelper.invokeMethod(MethodInvocationHelper.java:104)
	at org.testng.internal.Invoker.invokeMethod(Invoker.java:645)
	at org.testng.internal.Invoker.invokeTestMethod(Invoker.java:851)
	at org.testng.internal.Invoker.invokeTestMethods(Invoker.java:1177)
	at org.testng.internal.TestMethodWorker.invokeTestMethods(TestMethodWorker.java:129)
	at org.testng.internal.TestMethodWorker.run(TestMethodWorker.java:112)
	at org.testng.TestRunner.privateRun(TestRunner.java:756)
	at org.testng.TestRunner.run(TestRunner.java:610)
	at org.testng.SuiteRunner.runTest(SuiteRunner.java:387)
	at org.testng.SuiteRunner.runSequentially(SuiteRunner.java:382)
	at org.testng.SuiteRunner.privateRun(SuiteRunner.java:340)
	at org.testng.SuiteRunner.run(SuiteRunner.java:289)
	at org.testng.SuiteRunnerWorker.runSuite(SuiteRunnerWorker.java:52)
	at org.testng.SuiteRunnerWorker.run(SuiteRunnerWorker.java:86)
	at org.testng.TestNG.runSuitesSequentially(TestNG.java:1293)
	at org.testng.TestNG.runSuitesLocally(TestNG.java:1218)
	at org.testng.TestNG.runSuites(TestNG.java:1133)
	at org.testng.TestNG.run(TestNG.java:1104)
	at org.testng.remote.AbstractRemoteTestNG.run(AbstractRemoteTestNG.java:132)
	at org.testng.remote.RemoteTestNG.initAndRun(RemoteTestNG.java:236)
	at org.testng.remote.RemoteTestNG.main(RemoteTestNG.java:81)
</pre></div></td>
<td>3</td>
<td>com.znodellc.admin9xqa.Znode9X.executor.Execute@d8355a8</td></tr>
</table><p>
<table width='100%' border='1' class='invocation-passed'>
<tr><td colspan='4' align='center'><b>PASSED TESTS</b></td></tr>
<tr><td><b>Test method</b></td>
<td width="30%"><b>Exception</b></td>
<td width="10%"><b>Time (seconds)</b></td>
<td><b>Instance</b></td>
</tr>
<tr>
<td title='com.znodellc.admin9xqa.Znode9X.executor.Execute.getSteps()'><b>getSteps</b><br>Test class: com.znodellc.admin9xqa.Znode9X.executor.Execute<br>Parameters: Attribute Test1, 1.0, Open the Brower, LaunchBrowser, NA, http://admin9xqa.znodellc.com/, Chrome, NA, , </td>
<td></td>
<td>5</td>
<td>com.znodellc.admin9xqa.Znode9X.executor.Execute@d8355a8</td></tr>
<tr>
<td title='com.znodellc.admin9xqa.Znode9X.executor.Execute.getSteps()'><b>getSteps</b><br>Test class: com.znodellc.admin9xqa.Znode9X.executor.Execute<br>Parameters: Attribute Test1, 2.0, Enter correct username, SendKeys, Znode9X.attributeFamiliesAddNew.username, admin@znode.com, NA, NA, , </td>
<td></td>
<td>0</td>
<td>com.znodellc.admin9xqa.Znode9X.executor.Execute@d8355a8</td></tr>
<tr>
<td title='com.znodellc.admin9xqa.Znode9X.executor.Execute.getSteps()'><b>getSteps</b><br>Test class: com.znodellc.admin9xqa.Znode9X.executor.Execute<br>Parameters: Attribute Test1, 3.0, Enter correct password, SendKeys, Znode9X.attributeFamiliesAddNew.password, admin12345, NA, NA, , </td>
<td></td>
<td>0</td>
<td>com.znodellc.admin9xqa.Znode9X.executor.Execute@d8355a8</td></tr>
<tr>
<td title='com.znodellc.admin9xqa.Znode9X.executor.Execute.getSteps()'><b>getSteps</b><br>Test class: com.znodellc.admin9xqa.Znode9X.executor.Execute<br>Parameters: Attribute Test1, 4.0, click on login, Click, Znode9X.attributeFamiliesAddNew.loginbutton, NA, NA, NA, , </td>
<td></td>
<td>38</td>
<td>com.znodellc.admin9xqa.Znode9X.executor.Execute@d8355a8</td></tr>
<tr>
<td title='com.znodellc.admin9xqa.Znode9X.executor.Execute.getSteps()'><b>getSteps</b><br>Test class: com.znodellc.admin9xqa.Znode9X.executor.Execute<br>Parameters: Attribute Test1, 5.0, Click on Menu button, Click, Znode9X.attributeFamiliesAddNew.menu, NA, NA, NA, , </td>
<td></td>
<td>3</td>
<td>com.znodellc.admin9xqa.Znode9X.executor.Execute@d8355a8</td></tr>
<tr>
<td title='com.znodellc.admin9xqa.Znode9X.executor.Execute.getSteps()'><b>getSteps</b><br>Test class: com.znodellc.admin9xqa.Znode9X.executor.Execute<br>Parameters: Attribute Test1, 6.0, Click on products attribute in PIM module, RepeatedLocators, NA, Product Attributes, NA, NA, , </td>
<td></td>
<td>18</td>
<td>com.znodellc.admin9xqa.Znode9X.executor.Execute@d8355a8</td></tr>
<tr>
<td title='com.znodellc.admin9xqa.Znode9X.executor.Execute.getSteps()'><b>getSteps</b><br>Test class: com.znodellc.admin9xqa.Znode9X.executor.Execute<br>Parameters: Attribute Test1, 7.0, Hover on product attribute , Action, Znode9X.attributeFamiliesAddNew.productAttributesDD, NA, NA, NA, , </td>
<td></td>
<td>10</td>
<td>com.znodellc.admin9xqa.Znode9X.executor.Execute@d8355a8</td></tr>
<tr>
<td title='com.znodellc.admin9xqa.Znode9X.executor.Execute.getSteps()'><b>getSteps</b><br>Test class: com.znodellc.admin9xqa.Znode9X.executor.Execute<br>Parameters: Attribute Test1, 8.0, Click on Attribute Families, RepeatedLocators, NA, Attribute Families, NA, NA, , </td>
<td></td>
<td>2</td>
<td>com.znodellc.admin9xqa.Znode9X.executor.Execute@d8355a8</td></tr>
<tr>
<td title='com.znodellc.admin9xqa.Znode9X.executor.Execute.getSteps()'><b>getSteps</b><br>Test class: com.znodellc.admin9xqa.Znode9X.executor.Execute<br>Parameters: Attribute Test2, 9.0, Click on Add New Icon, RepeatedLocators, NA, Add New, NA, NA, , </td>
<td></td>
<td>0</td>
<td>com.znodellc.admin9xqa.Znode9X.executor.Execute@d8355a8</td></tr>
<tr>
<td title='com.znodellc.admin9xqa.Znode9X.executor.Execute.getSteps()'><b>getSteps</b><br>Test class: com.znodellc.admin9xqa.Znode9X.executor.Execute<br>Parameters: Attribute Test2, 10.0, Leave all the fields blank and click on cancel, RepeatedLocators, NA, Cancel, NA, NA, , </td>
<td></td>
<td>0</td>
<td>com.znodellc.admin9xqa.Znode9X.executor.Execute@d8355a8</td></tr>
<tr>
<td title='com.znodellc.admin9xqa.Znode9X.executor.Execute.getSteps()'><b>getSteps</b><br>Test class: com.znodellc.admin9xqa.Znode9X.executor.Execute<br>Parameters: Attribute Test2, 11.0, Check for validation, Attribute Group Page should appear, Assertion, Znode9X.attributeFamiliesAddNew.cancelValidation, Attribute Families, NA, NA, , </td>
<td></td>
<td>0</td>
<td>com.znodellc.admin9xqa.Znode9X.executor.Execute@d8355a8</td></tr>
<tr>
<td title='com.znodellc.admin9xqa.Znode9X.executor.Execute.getSteps()'><b>getSteps</b><br>Test class: com.znodellc.admin9xqa.Znode9X.executor.Execute<br>Parameters: Attribute Test3, 12.0, Click on Add New Icon, RepeatedLocators, NA, Add New, NA, NA, , </td>
<td></td>
<td>0</td>
<td>com.znodellc.admin9xqa.Znode9X.executor.Execute@d8355a8</td></tr>
<tr>
<td title='com.znodellc.admin9xqa.Znode9X.executor.Execute.getSteps()'><b>getSteps</b><br>Test class: com.znodellc.admin9xqa.Znode9X.executor.Execute<br>Parameters: Attribute Test3, 13.0, Leave the mandatory field blank and click on save, RepeatedLocators, NA, Save, NA, NA, , </td>
<td></td>
<td>0</td>
<td>com.znodellc.admin9xqa.Znode9X.executor.Execute@d8355a8</td></tr>
<tr>
<td title='com.znodellc.admin9xqa.Znode9X.executor.Execute.getSteps()'><b>getSteps</b><br>Test class: com.znodellc.admin9xqa.Znode9X.executor.Execute<br>Parameters: Attribute Test3, 14.0, Check for Validation, Assertion, Znode9X.attributeFamililesAddNew.mandatoryFieldValidation, Attribute family code is required., NA, NA, , </td>
<td></td>
<td>0</td>
<td>com.znodellc.admin9xqa.Znode9X.executor.Execute@d8355a8</td></tr>
<tr>
<td title='com.znodellc.admin9xqa.Znode9X.executor.Execute.getSteps()'><b>getSteps</b><br>Test class: com.znodellc.admin9xqa.Znode9X.executor.Execute<br>Parameters: Attribute Test3, 15.0, Click on cancel button, RepeatedLocators, NA, Cancel, NA, NA, , </td>
<td></td>
<td>0</td>
<td>com.znodellc.admin9xqa.Znode9X.executor.Execute@d8355a8</td></tr>
<tr>
<td title='com.znodellc.admin9xqa.Znode9X.executor.Execute.getSteps()'><b>getSteps</b><br>Test class: com.znodellc.admin9xqa.Znode9X.executor.Execute<br>Parameters: Attribute Test4, 16.0, Click on Add New Icon, RepeatedLocators, NA, Add New, NA, NA, , </td>
<td></td>
<td>0</td>
<td>com.znodellc.admin9xqa.Znode9X.executor.Execute@d8355a8</td></tr>
<tr>
<td title='com.znodellc.admin9xqa.Znode9X.executor.Execute.getSteps()'><b>getSteps</b><br>Test class: com.znodellc.admin9xqa.Znode9X.executor.Execute<br>Parameters: Attribute Test4, 17.0, Enter invalid data in Family Code field, SendKeys, Znode9X.attributeFamiliesAddNew.familyCode, 1xyz, NA, NA, , </td>
<td></td>
<td>0</td>
<td>com.znodellc.admin9xqa.Znode9X.executor.Execute@d8355a8</td></tr>
<tr>
<td title='com.znodellc.admin9xqa.Znode9X.executor.Execute.getSteps()'><b>getSteps</b><br>Test class: com.znodellc.admin9xqa.Znode9X.executor.Execute<br>Parameters: Attribute Test4, 18.0, Click on save icon, RepeatedLocators, NA, Save, NA, NA, , </td>
<td></td>
<td>0</td>
<td>com.znodellc.admin9xqa.Znode9X.executor.Execute@d8355a8</td></tr>
<tr>
<td title='com.znodellc.admin9xqa.Znode9X.executor.Execute.getSteps()'><b>getSteps</b><br>Test class: com.znodellc.admin9xqa.Znode9X.executor.Execute<br>Parameters: Attribute Test4, 19.0, Check for Validation, Assertion, Znode9X.attributeFamiliesAddNew.alphanumericValidation, Only alphanumeric characters allowed and must start with alphabets., NA, NA, , </td>
<td></td>
<td>0</td>
<td>com.znodellc.admin9xqa.Znode9X.executor.Execute@d8355a8</td></tr>
<tr>
<td title='com.znodellc.admin9xqa.Znode9X.executor.Execute.getSteps()'><b>getSteps</b><br>Test class: com.znodellc.admin9xqa.Znode9X.executor.Execute<br>Parameters: Attribute Test4, 20.0, Click on cancel button, RepeatedLocators, NA, Cancel, NA, NA, , </td>
<td></td>
<td>0</td>
<td>com.znodellc.admin9xqa.Znode9X.executor.Execute@d8355a8</td></tr>
<tr>
<td title='com.znodellc.admin9xqa.Znode9X.executor.Execute.getSteps()'><b>getSteps</b><br>Test class: com.znodellc.admin9xqa.Znode9X.executor.Execute<br>Parameters: Attribute Test5, 21.0, Click on Add New Icon, RepeatedLocators, NA, Add New, NA, NA, , </td>
<td></td>
<td>0</td>
<td>com.znodellc.admin9xqa.Znode9X.executor.Execute@d8355a8</td></tr>
<tr>
<td title='com.znodellc.admin9xqa.Znode9X.executor.Execute.getSteps()'><b>getSteps</b><br>Test class: com.znodellc.admin9xqa.Znode9X.executor.Execute<br>Parameters: Attribute Test5, 22.0, Enter valid data in Family Code field, SendKeys, Znode9X.attributeFamiliesAddNew.familyCode, NewFamily, NA, NA, , </td>
<td></td>
<td>0</td>
<td>com.znodellc.admin9xqa.Znode9X.executor.Execute@d8355a8</td></tr>
<tr>
<td title='com.znodellc.admin9xqa.Znode9X.executor.Execute.getSteps()'><b>getSteps</b><br>Test class: com.znodellc.admin9xqa.Znode9X.executor.Execute<br>Parameters: Attribute Test5, 23.0, Click on save icon, RepeatedLocators, NA, Save, NA, NA, , </td>
<td></td>
<td>0</td>
<td>com.znodellc.admin9xqa.Znode9X.executor.Execute@d8355a8</td></tr>
<tr>
<td title='com.znodellc.admin9xqa.Znode9X.executor.Execute.getSteps()'><b>getSteps</b><br>Test class: com.znodellc.admin9xqa.Znode9X.executor.Execute<br>Parameters: Attribute Test5, 24.0, Check for validation, Assertion, Znode9X.attributeFamiliesAddNew.saveValidation, Record created successfully., NA, NA, , </td>
<td></td>
<td>0</td>
<td>com.znodellc.admin9xqa.Znode9X.executor.Execute@d8355a8</td></tr>
<tr>
<td title='com.znodellc.admin9xqa.Znode9X.executor.Execute.getSteps()'><b>getSteps</b><br>Test class: com.znodellc.admin9xqa.Znode9X.executor.Execute<br>Parameters: Attribute Test5, 25.0, Click on cancel button, RepeatedLocators, NA, Cancel, NA, NA, , </td>
<td></td>
<td>0</td>
<td>com.znodellc.admin9xqa.Znode9X.executor.Execute@d8355a8</td></tr>
<tr>
<td title='com.znodellc.admin9xqa.Znode9X.executor.Execute.getSteps()'><b>getSteps</b><br>Test class: com.znodellc.admin9xqa.Znode9X.executor.Execute<br>Parameters: Attribute Test6, 26.0, Click on Add New Icon, RepeatedLocators, NA, Add New, NA, NA, , </td>
<td></td>
<td>0</td>
<td>com.znodellc.admin9xqa.Znode9X.executor.Execute@d8355a8</td></tr>
<tr>
<td title='com.znodellc.admin9xqa.Znode9X.executor.Execute.getSteps()'><b>getSteps</b><br>Test class: com.znodellc.admin9xqa.Znode9X.executor.Execute<br>Parameters: Attribute Test6, 27.0, Enter duplicate Family Code, SendKeys, Znode9X.attributeFamiliesAddNew.familyCode, NewFamily, NA, NA, , </td>
<td></td>
<td>0</td>
<td>com.znodellc.admin9xqa.Znode9X.executor.Execute@d8355a8</td></tr>
<tr>
<td title='com.znodellc.admin9xqa.Znode9X.executor.Execute.getSteps()'><b>getSteps</b><br>Test class: com.znodellc.admin9xqa.Znode9X.executor.Execute<br>Parameters: Attribute Test6, 28.0, Click on save icon, RepeatedLocators, NA, Save, NA, NA, , </td>
<td></td>
<td>0</td>
<td>com.znodellc.admin9xqa.Znode9X.executor.Execute@d8355a8</td></tr>
<tr>
<td title='com.znodellc.admin9xqa.Znode9X.executor.Execute.getSteps()'><b>getSteps</b><br>Test class: com.znodellc.admin9xqa.Znode9X.executor.Execute<br>Parameters: Attribute Test6, 29.0, Check for validation, Assertion, Znode9X.attributeFamiliesAddNew.duplicateFamilyValidation, Attribute Family already exists., NA, NA, , </td>
<td></td>
<td>0</td>
<td>com.znodellc.admin9xqa.Znode9X.executor.Execute@d8355a8</td></tr>
<tr>
<td title='com.znodellc.admin9xqa.Znode9X.executor.Execute.getSteps()'><b>getSteps</b><br>Test class: com.znodellc.admin9xqa.Znode9X.executor.Execute<br>Parameters: Attribute Test6, 30.0, Click on cancel button, RepeatedLocators, NA, Cancel, NA, NA, , </td>
<td></td>
<td>0</td>
<td>com.znodellc.admin9xqa.Znode9X.executor.Execute@d8355a8</td></tr>
<tr>
<td title='com.znodellc.admin9xqa.Znode9X.executor.Execute.getSteps()'><b>getSteps</b><br>Test class: com.znodellc.admin9xqa.Znode9X.executor.Execute<br>Parameters: Attribute Test7, 31.0, Click on Add New Icon, RepeatedLocators, NA, Add New, NA, NA, , </td>
<td></td>
<td>0</td>
<td>com.znodellc.admin9xqa.Znode9X.executor.Execute@d8355a8</td></tr>
<tr>
<td title='com.znodellc.admin9xqa.Znode9X.executor.Execute.getSteps()'><b>getSteps</b><br>Test class: com.znodellc.admin9xqa.Znode9X.executor.Execute<br>Parameters: Attribute Test7, 32.0, Enter valid data in Family Code field, SendKeys, Znode9X.attributeFamiliesAddNew.familyCode, New, NA, NA, , </td>
<td></td>
<td>0</td>
<td>com.znodellc.admin9xqa.Znode9X.executor.Execute@d8355a8</td></tr>
<tr>
<td title='com.znodellc.admin9xqa.Znode9X.executor.Execute.getSteps()'><b>getSteps</b><br>Test class: com.znodellc.admin9xqa.Znode9X.executor.Execute<br>Parameters: Attribute Test7, 33.0, Click on save icon, RepeatedLocators, NA, Save, NA, NA, , </td>
<td></td>
<td>0</td>
<td>com.znodellc.admin9xqa.Znode9X.executor.Execute@d8355a8</td></tr>
<tr>
<td title='com.znodellc.admin9xqa.Znode9X.executor.Execute.getSteps()'><b>getSteps</b><br>Test class: com.znodellc.admin9xqa.Znode9X.executor.Execute<br>Parameters: Attribute Test7, 34.0, Click on delete icon of the default attribute group, Click, Znode9X.attributeFamiliesAddNew.delete, NA, NA, NA, , </td>
<td></td>
<td>0</td>
<td>com.znodellc.admin9xqa.Znode9X.executor.Execute@d8355a8</td></tr>
<tr>
<td title='com.znodellc.admin9xqa.Znode9X.executor.Execute.getSteps()'><b>getSteps</b><br>Test class: com.znodellc.admin9xqa.Znode9X.executor.Execute<br>Parameters: Attribute Test7, 35.0, Check for validation message, Assertion, Znode9X.attributeFamiliesAddNew.defaultDeleteValidation, Cannot delete attribute group as it may be system defined or because of some association., NA, NA, , </td>
<td></td>
<td>0</td>
<td>com.znodellc.admin9xqa.Znode9X.executor.Execute@d8355a8</td></tr>
<tr>
<td title='com.znodellc.admin9xqa.Znode9X.executor.Execute.getSteps()'><b>getSteps</b><br>Test class: com.znodellc.admin9xqa.Znode9X.executor.Execute<br>Parameters: Attribute Test7, 36.0, Click on Add Attribute Group dropdown, RepeatedLocators, NA, Add Attribute Groups, NA, NA, , </td>
<td></td>
<td>0</td>
<td>com.znodellc.admin9xqa.Znode9X.executor.Execute@d8355a8</td></tr>
<tr>
<td title='com.znodellc.admin9xqa.Znode9X.executor.Execute.getSteps()'><b>getSteps</b><br>Test class: com.znodellc.admin9xqa.Znode9X.executor.Execute<br>Parameters: Attribute Test7, 37.0, Click on the attribute group available in the dropdown, RepeatedLocators, NA, xyz, NA, NA, , </td>
<td></td>
<td>0</td>
<td>com.znodellc.admin9xqa.Znode9X.executor.Execute@d8355a8</td></tr>
<tr>
<td title='com.znodellc.admin9xqa.Znode9X.executor.Execute.getSteps()'><b>getSteps</b><br>Test class: com.znodellc.admin9xqa.Znode9X.executor.Execute<br>Parameters: Attribute Test7, 38.0, Click on submit icon on the dropdown, RepeatedLocators, NA, Submit, NA, NA, , </td>
<td></td>
<td>0</td>
<td>com.znodellc.admin9xqa.Znode9X.executor.Execute@d8355a8</td></tr>
<tr>
<td title='com.znodellc.admin9xqa.Znode9X.executor.Execute.getSteps()'><b>getSteps</b><br>Test class: com.znodellc.admin9xqa.Znode9X.executor.Execute<br>Parameters: Attribute Test7, 39.0, Check for Validation, Assertion, Znode9X.attributeFamiliesAddNew.addAttributeValidation, Assigned successfully., NA, NA, , </td>
<td></td>
<td>0</td>
<td>com.znodellc.admin9xqa.Znode9X.executor.Execute@d8355a8</td></tr>
<tr>
<td title='com.znodellc.admin9xqa.Znode9X.executor.Execute.getSteps()'><b>getSteps</b><br>Test class: com.znodellc.admin9xqa.Znode9X.executor.Execute<br>Parameters: Attribute Test8, 40.0, Click on Add New Icon, RepeatedLocators, NA, Add New, NA, NA, , </td>
<td></td>
<td>2</td>
<td>com.znodellc.admin9xqa.Znode9X.executor.Execute@d8355a8</td></tr>
<tr>
<td title='com.znodellc.admin9xqa.Znode9X.executor.Execute.getSteps()'><b>getSteps</b><br>Test class: com.znodellc.admin9xqa.Znode9X.executor.Execute<br>Parameters: Attribute Test8, 41.0, Enter valid data in Family Code field, SendKeys, Znode9X.attributeFamiliesAddNew.familyCode, New, NA, NA, , </td>
<td></td>
<td>0</td>
<td>com.znodellc.admin9xqa.Znode9X.executor.Execute@d8355a8</td></tr>
<tr>
<td title='com.znodellc.admin9xqa.Znode9X.executor.Execute.getSteps()'><b>getSteps</b><br>Test class: com.znodellc.admin9xqa.Znode9X.executor.Execute<br>Parameters: Attribute Test8, 42.0, Click on save icon, RepeatedLocators, NA, Save, NA, NA, , </td>
<td></td>
<td>5</td>
<td>com.znodellc.admin9xqa.Znode9X.executor.Execute@d8355a8</td></tr>
<tr>
<td title='com.znodellc.admin9xqa.Znode9X.executor.Execute.getSteps()'><b>getSteps</b><br>Test class: com.znodellc.admin9xqa.Znode9X.executor.Execute<br>Parameters: Attribute Test8, 43.0, Click on edit icon , Click, Znode9X.attributeFamiliesAddNew.systemDefinedCodeEdit, NA, NA, NA, , </td>
<td></td>
<td>3</td>
<td>com.znodellc.admin9xqa.Znode9X.executor.Execute@d8355a8</td></tr>
<tr>
<td title='com.znodellc.admin9xqa.Znode9X.executor.Execute.getSteps()'><b>getSteps</b><br>Test class: com.znodellc.admin9xqa.Znode9X.executor.Execute<br>Parameters: Attribute Test8, 44.0, Click on close icon of the popup, Click, Znode9X.attributeFamiliesAddNew.editDisplayOrderClose, NA, NA, NA, , </td>
<td></td>
<td>3</td>
<td>com.znodellc.admin9xqa.Znode9X.executor.Execute@d8355a8</td></tr>
<tr>
<td title='com.znodellc.admin9xqa.Znode9X.executor.Execute.getSteps()'><b>getSteps</b><br>Test class: com.znodellc.admin9xqa.Znode9X.executor.Execute<br>Parameters: Attribute Test9, 46.0, Click on edit icon , Click, Znode9X.attributeFamiliesAddNew.systemDefinedCodeEdit, NA, NA, NA, , </td>
<td></td>
<td>0</td>
<td>com.znodellc.admin9xqa.Znode9X.executor.Execute@d8355a8</td></tr>
<tr>
<td title='com.znodellc.admin9xqa.Znode9X.executor.Execute.getSteps()'><b>getSteps</b><br>Test class: com.znodellc.admin9xqa.Znode9X.executor.Execute<br>Parameters: Attribute Test9, 47.0, Clear data in display order field, ClearTextBox, Znode9X.attributeFamiliesAddNew.displayOrder, NA, NA, NA, , </td>
<td></td>
<td>0</td>
<td>com.znodellc.admin9xqa.Znode9X.executor.Execute@d8355a8</td></tr>
<tr>
<td title='com.znodellc.admin9xqa.Znode9X.executor.Execute.getSteps()'><b>getSteps</b><br>Test class: com.znodellc.admin9xqa.Znode9X.executor.Execute<br>Parameters: Attribute Test9, 48.0, Enter value in display order field, SendKeys, Znode9X.attributeFamiliesAddNew.displayOrder, 3, NA, NA, , </td>
<td></td>
<td>0</td>
<td>com.znodellc.admin9xqa.Znode9X.executor.Execute@d8355a8</td></tr>
<tr>
<td title='com.znodellc.admin9xqa.Znode9X.executor.Execute.getSteps()'><b>getSteps</b><br>Test class: com.znodellc.admin9xqa.Znode9X.executor.Execute<br>Parameters: Attribute Test9, 49.0, Click on save icon, Click, Znode9X.attributeFamiliesAddNew.displayOrderSave, NA, NA, NA, , </td>
<td></td>
<td>0</td>
<td>com.znodellc.admin9xqa.Znode9X.executor.Execute@d8355a8</td></tr>
<tr>
<td title='com.znodellc.admin9xqa.Znode9X.executor.Execute.getSteps()'><b>getSteps</b><br>Test class: com.znodellc.admin9xqa.Znode9X.executor.Execute<br>Parameters: Attribute Test9, 50.0, Check for Validation, Assertion, Znode9X.attributeFamiliesAddNew.displayOrderSaveValidation, Record updated successfully., NA, NA, Record updated successfully., Pass</td>
<td></td>
<td>0</td>
<td>com.znodellc.admin9xqa.Znode9X.executor.Execute@d8355a8</td></tr>
</table><p>
</body>
</html>